  Map.cpp
F:\Working\GIT\MixerGame\MixerGame\MixerGame\Component\TransformComponent.h(53,11): warning C4244: '=': conversion from 'int' to 'float', possible loss of data
F:\Working\GIT\MixerGame\MixerGame\MixerGame\Component\SpriteComponent.h(143,33): warning C4244: '=': conversion from 'float' to 'int', possible loss of data
F:\Working\GIT\MixerGame\MixerGame\MixerGame\Component\SpriteComponent.h(144,33): warning C4244: '=': conversion from 'float' to 'int', possible loss of data
F:\Working\GIT\MixerGame\MixerGame\MixerGame\Component\KeyboardController.h(196,24): warning C4806: '==': unsafe operation: no value of type 'bool' promoted to type 'SDL_KeyCode' can equal the given constant
F:\Working\GIT\MixerGame\MixerGame\MixerGame\Component\KeyboardController.h(203,24): warning C4806: '==': unsafe operation: no value of type 'bool' promoted to type 'SDL_KeyCode' can equal the given constant
F:\Working\GIT\MixerGame\MixerGame\MixerGame\Component\ColliderComponent.h(87,36): warning C4244: '=': conversion from 'float' to 'int', possible loss of data
F:\Working\GIT\MixerGame\MixerGame\MixerGame\Component\ColliderComponent.h(88,37): warning C4244: '=': conversion from 'float' to 'int', possible loss of data
F:\Working\GIT\MixerGame\MixerGame\MixerGame\Component\TileComponent.h(24,16): warning C4244: '=': conversion from 'int' to 'float', possible loss of data
F:\Working\GIT\MixerGame\MixerGame\MixerGame\Component\TileComponent.h(25,16): warning C4244: '=': conversion from 'int' to 'float', possible loss of data
F:\Working\GIT\MixerGame\MixerGame\MixerGame\Component\TileComponent.h(36,27): warning C4244: '=': conversion from 'float' to 'int', possible loss of data
F:\Working\GIT\MixerGame\MixerGame\MixerGame\Component\TileComponent.h(37,27): warning C4244: '=': conversion from 'float' to 'int', possible loss of data
F:\Working\GIT\MixerGame\MixerGame\MixerGame\Game\HandleMap.h(59,14): warning C4244: 'argument': conversion from 'time_t' to 'unsigned int', possible loss of data
  Game.cpp
F:\Working\GIT\MixerGame\MixerGame\MixerGame\Component\TransformComponent.h(53,11): warning C4244: '=': conversion from 'int' to 'float', possible loss of data
F:\Working\GIT\MixerGame\MixerGame\MixerGame\Component\SpriteComponent.h(143,33): warning C4244: '=': conversion from 'float' to 'int', possible loss of data
F:\Working\GIT\MixerGame\MixerGame\MixerGame\Component\SpriteComponent.h(144,33): warning C4244: '=': conversion from 'float' to 'int', possible loss of data
F:\Working\GIT\MixerGame\MixerGame\MixerGame\Component\KeyboardController.h(196,24): warning C4806: '==': unsafe operation: no value of type 'bool' promoted to type 'SDL_KeyCode' can equal the given constant
F:\Working\GIT\MixerGame\MixerGame\MixerGame\Component\KeyboardController.h(203,24): warning C4806: '==': unsafe operation: no value of type 'bool' promoted to type 'SDL_KeyCode' can equal the given constant
F:\Working\GIT\MixerGame\MixerGame\MixerGame\Component\ColliderComponent.h(87,36): warning C4244: '=': conversion from 'float' to 'int', possible loss of data
F:\Working\GIT\MixerGame\MixerGame\MixerGame\Component\ColliderComponent.h(88,37): warning C4244: '=': conversion from 'float' to 'int', possible loss of data
F:\Working\GIT\MixerGame\MixerGame\MixerGame\Component\TileComponent.h(24,16): warning C4244: '=': conversion from 'int' to 'float', possible loss of data
F:\Working\GIT\MixerGame\MixerGame\MixerGame\Component\TileComponent.h(25,16): warning C4244: '=': conversion from 'int' to 'float', possible loss of data
F:\Working\GIT\MixerGame\MixerGame\MixerGame\Component\TileComponent.h(36,27): warning C4244: '=': conversion from 'float' to 'int', possible loss of data
F:\Working\GIT\MixerGame\MixerGame\MixerGame\Component\TileComponent.h(37,27): warning C4244: '=': conversion from 'float' to 'int', possible loss of data
F:\Working\GIT\MixerGame\MixerGame\MixerGame\Game\HandleMap.h(59,14): warning C4244: 'argument': conversion from 'time_t' to 'unsigned int', possible loss of data
F:\Working\GIT\MixerGame\MixerGame\MixerGame\Game\Game.cpp(422,65): warning C4244: '=': conversion from 'float' to 'int', possible loss of data
F:\Working\GIT\MixerGame\MixerGame\MixerGame\Game\Game.cpp(423,65): warning C4244: '=': conversion from 'float' to 'int', possible loss of data
F:\Working\GIT\MixerGame\MixerGame\MixerGame\Game\Game.cpp(488,13): warning C4312: 'type cast': conversion from 'int' to 'void *' of greater size
F:\Working\GIT\MixerGame\MixerGame\MixerGame\ECS\ECS.h(95,34): warning C4244: 'argument': conversion from '_Ty' to 'float', possible loss of data
          with
          [
              _Ty=int
          ]
F:\Working\GIT\MixerGame\MixerGame\MixerGame\Game\Game.cpp(137,4): message : see reference to function template instantiation 'T &Entity::addComponent<TransformComponent,int,int,const int&,const int&,int>(int &&,int &&,const int &,const int &,int &&)' being compiled
          with
          [
              T=TransformComponent
          ]
F:\Working\GIT\MixerGame\MixerGame\MixerGame\ECS\ECS.h(95,34): warning C4244: 'argument': conversion from '_Ty' to 'int', possible loss of data
          with
          [
              _Ty=float
          ]
F:\Working\GIT\MixerGame\MixerGame\MixerGame\Game\Game.cpp(156,8): message : see reference to function template instantiation 'T &Entity::addComponent<ColliderComponent,const char(&)[7],float,float,const int&,const int&>(const char (&)[7],float &&,float &&,const int &,const int &)' being compiled
          with
          [
              T=ColliderComponent
          ]
F:\Working\GIT\MixerGame\MixerGame\MixerGame\ECS\ECS.h(95,34): warning C4244: 'argument': conversion from 'const int' to 'float', possible loss of data
  Generating Code...
  MixerGame.vcxproj -> F:\Working\GIT\MixerGame\MixerGame\x64\Debug\MixerGame.exe
